# JRE version: OpenJDK Runtime Environment Temurin-21.0.9+10 (21.0.9+10) (build 21.0.9+10-LTS)
# Java VM: OpenJDK 64-Bit Server VM Temurin-21.0.9+10 (21.0.9+10-LTS, mixed mode, sharing, tiered, compressed oops, compressed class ptrs, parallel gc, windows-amd64)
GC Precious Log:
 CardTable entry size: 512
 CPUs: 4 total, 4 available
 Memory: 7991M
 Large Page Support: Disabled
 NUMA Support: Disabled
 Compressed Oops: Enabled (32-bit)
 Alignments: Space 512K, Generation 512K, Heap 2M
 Heap Min Capacity: 100M
 Heap Initial Capacity: 100M
 Heap Max Capacity: 2G
 Pre-touch: Disabled
 Parallel Workers: 4
Heap:
 PSYoungGen      total 8192K, used 384K [0x00000000d5580000, 0x00000000d6380000, 0x0000000100000000)
  eden space 7680K, 3% used [0x00000000d5580000,0x00000000d55c03e0,0x00000000d5d00000)
  from space 512K, 25% used [0x00000000d6300000,0x00000000d6320000,0x00000000d6380000)
  to   space 2048K, 0% used [0x00000000d5f80000,0x00000000d5f80000,0x00000000d6180000)
 ParOldGen       total 68608K, used 65700K [0x0000000080000000, 0x0000000084300000, 0x00000000d5580000)
  object space 68608K, 95% used [0x0000000080000000,0x0000000084029050,0x0000000084300000)
 Metaspace       used 65580K, committed 67008K, reserved 1114112K
  class space    used 7493K, committed 8128K, reserved 1048576K
GC Heap History (20 events):
Event: 1286.339 GC heap before
{Heap before GC invocations=50 (full 3):
 PSYoungGen      total 12288K, used 11805K [0x00000000d5580000, 0x00000000d6600000, 0x0000000100000000)
  eden space 10752K, 99% used [0x00000000d5580000,0x00000000d5ff7bb8,0x00000000d6000000)
  from space 1536K, 70% used [0x00000000d6480000,0x00000000d658f9c8,0x00000000d6600000)
  to   space 2048K, 0% used [0x00000000d6200000,0x00000000d6200000,0x00000000d6400000)
 ParOldGen       total 68608K, used 54879K [0x0000000080000000, 0x0000000084300000, 0x00000000d5580000)
  object space 68608K, 79% used [0x0000000080000000,0x0000000083597e20,0x0000000084300000)
 Metaspace       used 60408K, committed 61824K, reserved 1114112K
  class space    used 6976K, committed 7552K, reserved 1048576K
}
Event: 1286.341 GC heap after
{Heap after GC invocations=50 (full 3):
 PSYoungGen      total 12800K, used 269K [0x00000000d5580000, 0x00000000d6500000, 0x0000000100000000)
  eden space 10752K, 0% used [0x00000000d5580000,0x00000000d5580000,0x00000000d6000000)
  from space 2048K, 13% used [0x00000000d6200000,0x00000000d62436b8,0x00000000d6400000)
  to   space 1024K, 0% used [0x00000000d6400000,0x00000000d6400000,0x00000000d6500000)
 ParOldGen       total 68608K, used 54887K [0x0000000080000000, 0x0000000084300000, 0x00000000d5580000)
  object space 68608K, 80% used [0x0000000080000000,0x0000000083599e20,0x0000000084300000)
 Metaspace       used 60408K, committed 61824K, reserved 1114112K
  class space    used 6976K, committed 7552K, reserved 1048576K
}
Event: 1287.115 GC heap before
{Heap before GC invocations=51 (full 3):
 PSYoungGen      total 12800K, used 11021K [0x00000000d5580000, 0x00000000d6500000, 0x0000000100000000)
  eden space 10752K, 100% used [0x00000000d5580000,0x00000000d6000000,0x00000000d6000000)
  from space 2048K, 13% used [0x00000000d6200000,0x00000000d62436b8,0x00000000d6400000)
  to   space 1024K, 0% used [0x00000000d6400000,0x00000000d6400000,0x00000000d6500000)
 ParOldGen       total 68608K, used 54887K [0x0000000080000000, 0x0000000084300000, 0x00000000d5580000)
  object space 68608K, 80% used [0x0000000080000000,0x0000000083599e20,0x0000000084300000)
 Metaspace       used 61272K, committed 62656K, reserved 1114112K
  class space    used 7056K, committed 7616K, reserved 1048576K
}
Event: 1287.116 GC heap after
{Heap after GC invocations=51 (full 3):
 PSYoungGen      total 11264K, used 128K [0x00000000d5580000, 0x00000000d6480000, 0x0000000100000000)
  eden space 10752K, 0% used [0x00000000d5580000,0x00000000d5580000,0x00000000d6000000)
  from space 512K, 25% used [0x00000000d6400000,0x00000000d6420000,0x00000000d6480000)
  to   space 512K, 0% used [0x00000000d6380000,0x00000000d6380000,0x00000000d6400000)
 ParOldGen       total 68608K, used 54895K [0x0000000080000000, 0x0000000084300000, 0x00000000d5580000)
  object space 68608K, 80% used [0x0000000080000000,0x000000008359be20,0x0000000084300000)
 Metaspace       used 61272K, committed 62656K, reserved 1114112K
  class space    used 7056K, committed 7616K, reserved 1048576K
}
Event: 1288.064 GC heap before
{Heap before GC invocations=52 (full 3):
 PSYoungGen      total 11264K, used 10880K [0x00000000d5580000, 0x00000000d6480000, 0x0000000100000000)
  eden space 10752K, 100% used [0x00000000d5580000,0x00000000d6000000,0x00000000d6000000)
  from space 512K, 25% used [0x00000000d6400000,0x00000000d6420000,0x00000000d6480000)
  to   space 512K, 0% used [0x00000000d6380000,0x00000000d6380000,0x00000000d6400000)
 ParOldGen       total 68608K, used 54895K [0x0000000080000000, 0x0000000084300000, 0x00000000d5580000)
  object space 68608K, 80% used [0x0000000080000000,0x000000008359be20,0x0000000084300000)
 Metaspace       used 61712K, committed 63104K, reserved 1114112K
  class space    used 7129K, committed 7680K, reserved 1048576K
}
Event: 1288.065 GC heap after
{Heap after GC invocations=52 (full 3):
 PSYoungGen      total 11264K, used 256K [0x00000000d5580000, 0x00000000d6480000, 0x0000000100000000)
  eden space 10752K, 0% used [0x00000000d5580000,0x00000000d5580000,0x00000000d6000000)
  from space 512K, 50% used [0x00000000d6380000,0x00000000d63c0010,0x00000000d6400000)
  to   space 512K, 0% used [0x00000000d6400000,0x00000000d6400000,0x00000000d6480000)
 ParOldGen       total 68608K, used 54935K [0x0000000080000000, 0x0000000084300000, 0x00000000d5580000)
  object space 68608K, 80% used [0x0000000080000000,0x00000000835a5e20,0x0000000084300000)
 Metaspace       used 61712K, committed 63104K, reserved 1114112K
  class space    used 7129K, committed 7680K, reserved 1048576K
}
Event: 1289.434 GC heap before
{Heap before GC invocations=53 (full 3):
 PSYoungGen      total 11264K, used 11008K [0x00000000d5580000, 0x00000000d6480000, 0x0000000100000000)
  eden space 10752K, 100% used [0x00000000d5580000,0x00000000d6000000,0x00000000d6000000)
  from space 512K, 50% used [0x00000000d6380000,0x00000000d63c0010,0x00000000d6400000)
  to   space 512K, 0% used [0x00000000d6400000,0x00000000d6400000,0x00000000d6480000)
 ParOldGen       total 68608K, used 54935K [0x0000000080000000, 0x0000000084300000, 0x00000000d5580000)
  object space 68608K, 80% used [0x0000000080000000,0x00000000835a5e20,0x0000000084300000)
 Metaspace       used 62260K, committed 63616K, reserved 1114112K
  class space    used 7185K, committed 7744K, reserved 1048576K
}
Event: 1289.436 GC heap after
{Heap after GC invocations=53 (full 3):
 PSYoungGen      total 11264K, used 288K [0x00000000d5580000, 0x00000000d6480000, 0x0000000100000000)
  eden space 10752K, 0% used [0x00000000d5580000,0x00000000d5580000,0x00000000d6000000)
  from space 512K, 56% used [0x00000000d6400000,0x00000000d6448000,0x00000000d6480000)
  to   space 512K, 0% used [0x00000000d6380000,0x00000000d6380000,0x00000000d6400000)
 ParOldGen       total 68608K, used 55047K [0x0000000080000000, 0x0000000084300000, 0x00000000d5580000)
  object space 68608K, 80% used [0x0000000080000000,0x00000000835c1e20,0x0000000084300000)
 Metaspace       used 62260K, committed 63616K, reserved 1114112K
  class space    used 7185K, committed 7744K, reserved 1048576K
}
Event: 1290.757 GC heap before
{Heap before GC invocations=54 (full 3):
 PSYoungGen      total 11264K, used 11040K [0x00000000d5580000, 0x00000000d6480000, 0x0000000100000000)
  eden space 10752K, 100% used [0x00000000d5580000,0x00000000d6000000,0x00000000d6000000)
  from space 512K, 56% used [0x00000000d6400000,0x00000000d6448000,0x00000000d6480000)
  to   space 512K, 0% used [0x00000000d6380000,0x00000000d6380000,0x00000000d6400000)
 ParOldGen       total 68608K, used 55047K [0x0000000080000000, 0x0000000084300000, 0x00000000d5580000)
  object space 68608K, 80% used [0x0000000080000000,0x00000000835c1e20,0x0000000084300000)
 Metaspace       used 63215K, committed 64576K, reserved 1114112K
  class space    used 7264K, committed 7808K, reserved 1048576K
}
Event: 1290.758 GC heap after
{Heap after GC invocations=54 (full 3):
 PSYoungGen      total 11264K, used 256K [0x00000000d5580000, 0x00000000d6480000, 0x0000000100000000)
  eden space 10752K, 0% used [0x00000000d5580000,0x00000000d5580000,0x00000000d6000000)
  from space 512K, 50% used [0x00000000d6380000,0x00000000d63c0000,0x00000000d6400000)
  to   space 512K, 0% used [0x00000000d6400000,0x00000000d6400000,0x00000000d6480000)
 ParOldGen       total 68608K, used 55231K [0x0000000080000000, 0x0000000084300000, 0x00000000d5580000)
  object space 68608K, 80% used [0x0000000080000000,0x00000000835efe20,0x0000000084300000)
 Metaspace       used 63215K, committed 64576K, reserved 1114112K
  class space    used 7264K, committed 7808K, reserved 1048576K
}
Event: 1297.688 GC heap before
{Heap before GC invocations=55 (full 3):
 PSYoungGen      total 11264K, used 11008K [0x00000000d5580000, 0x00000000d6480000, 0x0000000100000000)
  eden space 10752K, 100% used [0x00000000d5580000,0x00000000d6000000,0x00000000d6000000)
  from space 512K, 50% used [0x00000000d6380000,0x00000000d63c0000,0x00000000d6400000)
  to   space 512K, 0% used [0x00000000d6400000,0x00000000d6400000,0x00000000d6480000)
 ParOldGen       total 68608K, used 55231K [0x0000000080000000, 0x0000000084300000, 0x00000000d5580000)
  object space 68608K, 80% used [0x0000000080000000,0x00000000835efe20,0x0000000084300000)
 Metaspace       used 63928K, committed 65408K, reserved 1114112K
  class space    used 7308K, committed 7936K, reserved 1048576K
}
Event: 1297.696 GC heap after
{Heap after GC invocations=55 (full 3):
 PSYoungGen      total 8192K, used 496K [0x00000000d5580000, 0x00000000d6e00000, 0x0000000100000000)
  eden space 7680K, 0% used [0x00000000d5580000,0x00000000d5580000,0x00000000d5d00000)
  from space 512K, 97% used [0x00000000d6400000,0x00000000d647c3c8,0x00000000d6480000)
  to   space 7168K, 0% used [0x00000000d5d00000,0x00000000d5d00000,0x00000000d6400000)
 ParOldGen       total 68608K, used 60544K [0x0000000080000000, 0x0000000084300000, 0x00000000d5580000)
  object space 68608K, 88% used [0x0000000080000000,0x0000000083b201f8,0x0000000084300000)
 Metaspace       used 63928K, committed 65408K, reserved 1114112K
  class space    used 7308K, committed 7936K, reserved 1048576K
}
Event: 1299.151 GC heap before
{Heap before GC invocations=56 (full 3):
 PSYoungGen      total 8192K, used 8176K [0x00000000d5580000, 0x00000000d6e00000, 0x0000000100000000)
  eden space 7680K, 100% used [0x00000000d5580000,0x00000000d5d00000,0x00000000d5d00000)
  from space 512K, 97% used [0x00000000d6400000,0x00000000d647c3c8,0x00000000d6480000)
  to   space 7168K, 0% used [0x00000000d5d00000,0x00000000d5d00000,0x00000000d6400000)
 ParOldGen       total 68608K, used 60544K [0x0000000080000000, 0x0000000084300000, 0x00000000d5580000)
  object space 68608K, 88% used [0x0000000080000000,0x0000000083b201f8,0x0000000084300000)
 Metaspace       used 64867K, committed 66368K, reserved 1114112K
  class space    used 7403K, committed 8064K, reserved 1048576K
}
Event: 1299.153 GC heap after
{Heap after GC invocations=56 (full 3):
 PSYoungGen      total 9728K, used 1630K [0x00000000d5580000, 0x00000000d6480000, 0x0000000100000000)
  eden space 7680K, 0% used [0x00000000d5580000,0x00000000d5580000,0x00000000d5d00000)
  from space 2048K, 79% used [0x00000000d5d00000,0x00000000d5e97a60,0x00000000d5f00000)
  to   space 3584K, 0% used [0x00000000d6100000,0x00000000d6100000,0x00000000d6480000)
 ParOldGen       total 68608K, used 60680K [0x0000000080000000, 0x0000000084300000, 0x00000000d5580000)
  object space 68608K, 88% used [0x0000000080000000,0x0000000083b42208,0x0000000084300000)
 Metaspace       used 64867K, committed 66368K, reserved 1114112K
  class space    used 7403K, committed 8064K, reserved 1048576K
}
Event: 1310.765 GC heap before
{Heap before GC invocations=57 (full 3):
 PSYoungGen      total 9728K, used 9310K [0x00000000d5580000, 0x00000000d6480000, 0x0000000100000000)
  eden space 7680K, 100% used [0x00000000d5580000,0x00000000d5d00000,0x00000000d5d00000)
  from space 2048K, 79% used [0x00000000d5d00000,0x00000000d5e97a60,0x00000000d5f00000)
  to   space 3584K, 0% used [0x00000000d6100000,0x00000000d6100000,0x00000000d6480000)
 ParOldGen       total 68608K, used 60680K [0x0000000080000000, 0x0000000084300000, 0x00000000d5580000)
  object space 68608K, 88% used [0x0000000080000000,0x0000000083b42208,0x0000000084300000)
 Metaspace       used 65188K, committed 66688K, reserved 1114112K
  class space    used 7451K, committed 8128K, reserved 1048576K
}
Event: 1310.767 GC heap after
{Heap after GC invocations=57 (full 3):
 PSYoungGen      total 8192K, used 160K [0x00000000d5580000, 0x00000000d6180000, 0x0000000100000000)
  eden space 7680K, 0% used [0x00000000d5580000,0x00000000d5580000,0x00000000d5d00000)
  from space 512K, 31% used [0x00000000d6100000,0x00000000d6128000,0x00000000d6180000)
  to   space 1024K, 0% used [0x00000000d5f80000,0x00000000d5f80000,0x00000000d6080000)
 ParOldGen       total 68608K, used 61359K [0x0000000080000000, 0x0000000084300000, 0x00000000d5580000)
  object space 68608K, 89% used [0x0000000080000000,0x0000000083bebc68,0x0000000084300000)
 Metaspace       used 65188K, committed 66688K, reserved 1114112K
  class space    used 7451K, committed 8128K, reserved 1048576K
}
Event: 1377.257 GC heap before
{Heap before GC invocations=58 (full 3):
 PSYoungGen      total 8192K, used 7840K [0x00000000d5580000, 0x00000000d6180000, 0x0000000100000000)
  eden space 7680K, 100% used [0x00000000d5580000,0x00000000d5d00000,0x00000000d5d00000)
  from space 512K, 31% used [0x00000000d6100000,0x00000000d6128000,0x00000000d6180000)
  to   space 1024K, 0% used [0x00000000d5f80000,0x00000000d5f80000,0x00000000d6080000)
 ParOldGen       total 68608K, used 61359K [0x0000000080000000, 0x0000000084300000, 0x00000000d5580000)
  object space 68608K, 89% used [0x0000000080000000,0x0000000083bebc68,0x0000000084300000)
 Metaspace       used 65377K, committed 66816K, reserved 1114112K
  class space    used 7467K, committed 8128K, reserved 1048576K
}
Event: 1377.274 GC heap after
{Heap after GC invocations=58 (full 3):
 PSYoungGen      total 8704K, used 996K [0x00000000d5580000, 0x00000000d6900000, 0x0000000100000000)
  eden space 7680K, 0% used [0x00000000d5580000,0x00000000d5580000,0x00000000d5d00000)
  from space 1024K, 97% used [0x00000000d5f80000,0x00000000d60793e8,0x00000000d6080000)
  to   space 6144K, 0% used [0x00000000d6300000,0x00000000d6300000,0x00000000d6900000)
 ParOldGen       total 68608K, used 65572K [0x0000000080000000, 0x0000000084300000, 0x00000000d5580000)
  object space 68608K, 95% used [0x0000000080000000,0x0000000084009030,0x0000000084300000)
 Metaspace       used 65377K, committed 66816K, reserved 1114112K
  class space    used 7467K, committed 8128K, reserved 1048576K
}
Event: 1582.400 GC heap before
{Heap before GC invocations=59 (full 3):
 PSYoungGen      total 8704K, used 8676K [0x00000000d5580000, 0x00000000d6900000, 0x0000000100000000)
  eden space 7680K, 100% used [0x00000000d5580000,0x00000000d5d00000,0x00000000d5d00000)
  from space 1024K, 97% used [0x00000000d5f80000,0x00000000d60793e8,0x00000000d6080000)
  to   space 6144K, 0% used [0x00000000d6300000,0x00000000d6300000,0x00000000d6900000)
 ParOldGen       total 68608K, used 65572K [0x0000000080000000, 0x0000000084300000, 0x00000000d5580000)
  object space 68608K, 95% used [0x0000000080000000,0x0000000084009030,0x0000000084300000)
 Metaspace       used 65569K, committed 67008K, reserved 1114112K
  class space    used 7492K, committed 8128K, reserved 1048576K
}
Event: 1582.448 GC heap after
{Heap after GC invocations=59 (full 3):
 PSYoungGen      total 8192K, used 128K [0x00000000d5580000, 0x00000000d6380000, 0x0000000100000000)
  eden space 7680K, 0% used [0x00000000d5580000,0x00000000d5580000,0x00000000d5d00000)
  from space 512K, 25% used [0x00000000d6300000,0x00000000d6320000,0x00000000d6380000)
  to   space 2048K, 0% used [0x00000000d5f80000,0x00000000d5f80000,0x00000000d6180000)
 ParOldGen       total 68608K, used 65700K [0x0000000080000000, 0x0000000084300000, 0x00000000d5580000)
  object space 68608K, 95% used [0x0000000080000000,0x0000000084029050,0x0000000084300000)
 Metaspace       used 65569K, committed 67008K, reserved 1114112K
  class space    used 7492K, committed 8128K, reserved 1048576K
}

